{"/Users/senan/smashd/backend/server.js": {"path":"/Users/senan/smashd/backend/server.js","statementMap":{"0":{"start":{"line":1,"column":16},"end":{"line":1,"column":34}},"1":{"start":{"line":2,"column":13},"end":{"line":2,"column":28}},"2":{"start":{"line":3,"column":15},"end":{"line":3,"column":32}},"3":{"start":{"line":4,"column":12},"end":{"line":4,"column":35}},"4":{"start":{"line":5,"column":25},"end":{"line":5,"column":50}},"5":{"start":{"line":6,"column":0},"end":{"line":6,"column":27}},"6":{"start":{"line":7,"column":35},"end":{"line":7,"column":63}},"7":{"start":{"line":8,"column":14},"end":{"line":8,"column":30}},"8":{"start":{"line":10,"column":12},"end":{"line":10,"column":21}},"9":{"start":{"line":11,"column":15},"end":{"line":11,"column":33}},"10":{"start":{"line":14,"column":0},"end":{"line":17,"column":4}},"11":{"start":{"line":18,"column":0},"end":{"line":18,"column":24}},"12":{"start":{"line":21,"column":26},"end":{"line":31,"column":1}},"13":{"start":{"line":22,"column":21},"end":{"line":22,"column":49}},"14":{"start":{"line":23,"column":16},"end":{"line":23,"column":54}},"15":{"start":{"line":24,"column":2},"end":{"line":24,"column":48}},"16":{"start":{"line":24,"column":21},"end":{"line":24,"column":48}},"17":{"start":{"line":26,"column":2},"end":{"line":30,"column":5}},"18":{"start":{"line":27,"column":4},"end":{"line":27,"column":40}},"19":{"start":{"line":27,"column":13},"end":{"line":27,"column":40}},"20":{"start":{"line":28,"column":4},"end":{"line":28,"column":20}},"21":{"start":{"line":29,"column":4},"end":{"line":29,"column":11}},"22":{"start":{"line":34,"column":16},"end":{"line":37,"column":1}},"23":{"start":{"line":35,"column":2},"end":{"line":35,"column":60}},"24":{"start":{"line":35,"column":33},"end":{"line":35,"column":60}},"25":{"start":{"line":36,"column":2},"end":{"line":36,"column":9}},"26":{"start":{"line":40,"column":0},"end":{"line":76,"column":3}},"27":{"start":{"line":46,"column":17},"end":{"line":46,"column":38}},"28":{"start":{"line":47,"column":2},"end":{"line":49,"column":3}},"29":{"start":{"line":48,"column":4},"end":{"line":48,"column":60}},"30":{"start":{"line":51,"column":40},"end":{"line":51,"column":48}},"31":{"start":{"line":52,"column":2},"end":{"line":75,"column":3}},"32":{"start":{"line":54,"column":25},"end":{"line":58,"column":6}},"33":{"start":{"line":59,"column":4},"end":{"line":61,"column":5}},"34":{"start":{"line":60,"column":6},"end":{"line":60,"column":69}},"35":{"start":{"line":63,"column":27},"end":{"line":63,"column":58}},"36":{"start":{"line":64,"column":17},"end":{"line":70,"column":6}},"37":{"start":{"line":71,"column":4},"end":{"line":71,"column":83}},"38":{"start":{"line":73,"column":4},"end":{"line":73,"column":48}},"39":{"start":{"line":74,"column":4},"end":{"line":74,"column":62}},"40":{"start":{"line":78,"column":0},"end":{"line":100,"column":3}},"41":{"start":{"line":82,"column":17},"end":{"line":82,"column":38}},"42":{"start":{"line":83,"column":2},"end":{"line":85,"column":3}},"43":{"start":{"line":84,"column":4},"end":{"line":84,"column":60}},"44":{"start":{"line":87,"column":30},"end":{"line":87,"column":38}},"45":{"start":{"line":88,"column":2},"end":{"line":99,"column":3}},"46":{"start":{"line":89,"column":17},"end":{"line":89,"column":88}},"47":{"start":{"line":90,"column":4},"end":{"line":95,"column":5}},"48":{"start":{"line":91,"column":20},"end":{"line":91,"column":111}},"49":{"start":{"line":92,"column":6},"end":{"line":92,"column":110}},"50":{"start":{"line":94,"column":6},"end":{"line":94,"column":61}},"51":{"start":{"line":97,"column":4},"end":{"line":97,"column":41}},"52":{"start":{"line":98,"column":4},"end":{"line":98,"column":56}},"53":{"start":{"line":103,"column":0},"end":{"line":124,"column":3}},"54":{"start":{"line":104,"column":2},"end":{"line":104,"column":49}},"55":{"start":{"line":105,"column":2},"end":{"line":123,"column":3}},"56":{"start":{"line":106,"column":22},"end":{"line":117,"column":6}},"57":{"start":{"line":118,"column":4},"end":{"line":118,"column":50}},"58":{"start":{"line":119,"column":4},"end":{"line":119,"column":24}},"59":{"start":{"line":121,"column":4},"end":{"line":121,"column":55}},"60":{"start":{"line":122,"column":4},"end":{"line":122,"column":65}},"61":{"start":{"line":127,"column":0},"end":{"line":153,"column":3}},"62":{"start":{"line":128,"column":17},"end":{"line":128,"column":27}},"63":{"start":{"line":129,"column":2},"end":{"line":129,"column":63}},"64":{"start":{"line":131,"column":2},"end":{"line":152,"column":3}},"65":{"start":{"line":132,"column":21},"end":{"line":142,"column":6}},"66":{"start":{"line":144,"column":4},"end":{"line":146,"column":5}},"67":{"start":{"line":145,"column":6},"end":{"line":145,"column":68}},"68":{"start":{"line":148,"column":4},"end":{"line":148,"column":23}},"69":{"start":{"line":150,"column":4},"end":{"line":150,"column":68}},"70":{"start":{"line":151,"column":4},"end":{"line":151,"column":64}},"71":{"start":{"line":155,"column":0},"end":{"line":177,"column":3}},"72":{"start":{"line":162,"column":17},"end":{"line":162,"column":38}},"73":{"start":{"line":163,"column":2},"end":{"line":165,"column":3}},"74":{"start":{"line":164,"column":4},"end":{"line":164,"column":60}},"75":{"start":{"line":167,"column":59},"end":{"line":167,"column":67}},"76":{"start":{"line":168,"column":2},"end":{"line":176,"column":3}},"77":{"start":{"line":169,"column":21},"end":{"line":171,"column":6}},"78":{"start":{"line":172,"column":4},"end":{"line":172,"column":35}},"79":{"start":{"line":174,"column":4},"end":{"line":174,"column":54}},"80":{"start":{"line":175,"column":4},"end":{"line":175,"column":64}},"81":{"start":{"line":179,"column":0},"end":{"line":204,"column":3}},"82":{"start":{"line":187,"column":17},"end":{"line":187,"column":38}},"83":{"start":{"line":188,"column":2},"end":{"line":190,"column":3}},"84":{"start":{"line":189,"column":4},"end":{"line":189,"column":60}},"85":{"start":{"line":192,"column":17},"end":{"line":192,"column":27}},"86":{"start":{"line":193,"column":72},"end":{"line":193,"column":80}},"87":{"start":{"line":194,"column":2},"end":{"line":203,"column":3}},"88":{"start":{"line":195,"column":28},"end":{"line":198,"column":6}},"89":{"start":{"line":199,"column":4},"end":{"line":199,"column":30}},"90":{"start":{"line":201,"column":4},"end":{"line":201,"column":54}},"91":{"start":{"line":202,"column":4},"end":{"line":202,"column":64}},"92":{"start":{"line":207,"column":0},"end":{"line":223,"column":3}},"93":{"start":{"line":208,"column":17},"end":{"line":208,"column":27}},"94":{"start":{"line":209,"column":2},"end":{"line":222,"column":3}},"95":{"start":{"line":210,"column":28},"end":{"line":212,"column":6}},"96":{"start":{"line":213,"column":4},"end":{"line":213,"column":77}},"97":{"start":{"line":215,"column":4},"end":{"line":215,"column":54}},"98":{"start":{"line":216,"column":4},"end":{"line":221,"column":5}},"99":{"start":{"line":218,"column":6},"end":{"line":218,"column":61}},"100":{"start":{"line":220,"column":6},"end":{"line":220,"column":66}},"101":{"start":{"line":226,"column":0},"end":{"line":293,"column":3}},"102":{"start":{"line":232,"column":17},"end":{"line":232,"column":38}},"103":{"start":{"line":233,"column":2},"end":{"line":235,"column":3}},"104":{"start":{"line":234,"column":4},"end":{"line":234,"column":60}},"105":{"start":{"line":237,"column":27},"end":{"line":237,"column":35}},"106":{"start":{"line":238,"column":17},"end":{"line":238,"column":33}},"107":{"start":{"line":239,"column":2},"end":{"line":239,"column":41}},"108":{"start":{"line":241,"column":2},"end":{"line":292,"column":3}},"109":{"start":{"line":243,"column":19},"end":{"line":274,"column":6}},"110":{"start":{"line":245,"column":23},"end":{"line":260,"column":8}},"111":{"start":{"line":251,"column":39},"end":{"line":256,"column":13}},"112":{"start":{"line":262,"column":25},"end":{"line":262,"column":26}},"113":{"start":{"line":263,"column":6},"end":{"line":271,"column":7}},"114":{"start":{"line":265,"column":8},"end":{"line":265,"column":41}},"115":{"start":{"line":266,"column":8},"end":{"line":270,"column":11}},"116":{"start":{"line":273,"column":6},"end":{"line":273,"column":47}},"117":{"start":{"line":276,"column":28},"end":{"line":278,"column":81}},"118":{"start":{"line":280,"column":4},"end":{"line":283,"column":17}},"119":{"start":{"line":285,"column":4},"end":{"line":288,"column":7}},"120":{"start":{"line":290,"column":4},"end":{"line":290,"column":50}},"121":{"start":{"line":291,"column":4},"end":{"line":291,"column":60}},"122":{"start":{"line":295,"column":0},"end":{"line":337,"column":3}},"123":{"start":{"line":296,"column":22},"end":{"line":296,"column":32}},"124":{"start":{"line":297,"column":21},"end":{"line":297,"column":29}},"125":{"start":{"line":299,"column":2},"end":{"line":336,"column":3}},"126":{"start":{"line":300,"column":18},"end":{"line":300,"column":85}},"127":{"start":{"line":301,"column":4},"end":{"line":303,"column":5}},"128":{"start":{"line":302,"column":6},"end":{"line":302,"column":64}},"129":{"start":{"line":305,"column":4},"end":{"line":332,"column":5}},"130":{"start":{"line":306,"column":6},"end":{"line":322,"column":9}},"131":{"start":{"line":308,"column":8},"end":{"line":311,"column":11}},"132":{"start":{"line":314,"column":8},"end":{"line":321,"column":9}},"133":{"start":{"line":315,"column":31},"end":{"line":315,"column":54}},"134":{"start":{"line":316,"column":10},"end":{"line":320,"column":13}},"135":{"start":{"line":324,"column":6},"end":{"line":324,"column":80}},"136":{"start":{"line":327,"column":6},"end":{"line":330,"column":9}},"137":{"start":{"line":331,"column":6},"end":{"line":331,"column":56}},"138":{"start":{"line":334,"column":4},"end":{"line":334,"column":54}},"139":{"start":{"line":335,"column":4},"end":{"line":335,"column":64}},"140":{"start":{"line":339,"column":0},"end":{"line":363,"column":3}},"141":{"start":{"line":340,"column":21},"end":{"line":340,"column":31}},"142":{"start":{"line":343,"column":2},"end":{"line":345,"column":3}},"143":{"start":{"line":344,"column":4},"end":{"line":344,"column":82}},"144":{"start":{"line":347,"column":2},"end":{"line":362,"column":3}},"145":{"start":{"line":348,"column":19},"end":{"line":356,"column":6}},"146":{"start":{"line":358,"column":4},"end":{"line":358,"column":21}},"147":{"start":{"line":360,"column":4},"end":{"line":360,"column":56}},"148":{"start":{"line":361,"column":4},"end":{"line":361,"column":66}},"149":{"start":{"line":365,"column":0},"end":{"line":387,"column":3}},"150":{"start":{"line":366,"column":2},"end":{"line":386,"column":3}},"151":{"start":{"line":367,"column":17},"end":{"line":370,"column":6}},"152":{"start":{"line":372,"column":4},"end":{"line":374,"column":5}},"153":{"start":{"line":373,"column":6},"end":{"line":373,"column":63}},"154":{"start":{"line":376,"column":4},"end":{"line":382,"column":7}},"155":{"start":{"line":384,"column":4},"end":{"line":384,"column":57}},"156":{"start":{"line":385,"column":4},"end":{"line":385,"column":67}},"157":{"start":{"line":391,"column":2},"end":{"line":418,"column":5}},"158":{"start":{"line":392,"column":16},"end":{"line":407,"column":6}},"159":{"start":{"line":393,"column":17},"end":{"line":393,"column":19}},"160":{"start":{"line":394,"column":6},"end":{"line":394,"column":52}},"161":{"start":{"line":394,"column":34},"end":{"line":394,"column":48}},"162":{"start":{"line":395,"column":6},"end":{"line":406,"column":9}},"163":{"start":{"line":396,"column":8},"end":{"line":405,"column":9}},"164":{"start":{"line":397,"column":31},"end":{"line":397,"column":47}},"165":{"start":{"line":398,"column":10},"end":{"line":402,"column":11}},"166":{"start":{"line":399,"column":12},"end":{"line":399,"column":34}},"167":{"start":{"line":401,"column":12},"end":{"line":401,"column":82}},"168":{"start":{"line":404,"column":10},"end":{"line":404,"column":72}},"169":{"start":{"line":409,"column":4},"end":{"line":411,"column":7}},"170":{"start":{"line":410,"column":6},"end":{"line":410,"column":59}},"171":{"start":{"line":413,"column":4},"end":{"line":415,"column":5}},"172":{"start":{"line":414,"column":6},"end":{"line":414,"column":26}},"173":{"start":{"line":417,"column":4},"end":{"line":417,"column":14}},"174":{"start":{"line":422,"column":19},"end":{"line":426,"column":15}},"175":{"start":{"line":428,"column":18},"end":{"line":435,"column":3}},"176":{"start":{"line":437,"column":2},"end":{"line":447,"column":3}},"177":{"start":{"line":438,"column":25},"end":{"line":438,"column":65}},"178":{"start":{"line":439,"column":4},"end":{"line":443,"column":5}},"179":{"start":{"line":440,"column":6},"end":{"line":440,"column":39}},"180":{"start":{"line":442,"column":6},"end":{"line":442,"column":85}},"181":{"start":{"line":445,"column":4},"end":{"line":445,"column":62}},"182":{"start":{"line":446,"column":4},"end":{"line":446,"column":16}},"183":{"start":{"line":450,"column":0},"end":{"line":520,"column":3}},"184":{"start":{"line":451,"column":22},"end":{"line":451,"column":30}},"185":{"start":{"line":453,"column":2},"end":{"line":519,"column":3}},"186":{"start":{"line":454,"column":18},"end":{"line":461,"column":6}},"187":{"start":{"line":463,"column":4},"end":{"line":465,"column":5}},"188":{"start":{"line":464,"column":6},"end":{"line":464,"column":64}},"189":{"start":{"line":468,"column":24},"end":{"line":468,"column":51}},"190":{"start":{"line":470,"column":25},"end":{"line":486,"column":6}},"191":{"start":{"line":479,"column":55},"end":{"line":484,"column":9}},"192":{"start":{"line":488,"column":20},"end":{"line":496,"column":5}},"193":{"start":{"line":498,"column":4},"end":{"line":515,"column":5}},"194":{"start":{"line":499,"column":27},"end":{"line":499,"column":71}},"195":{"start":{"line":500,"column":6},"end":{"line":500,"column":55}},"196":{"start":{"line":503,"column":27},"end":{"line":506,"column":8}},"197":{"start":{"line":508,"column":6},"end":{"line":511,"column":9}},"198":{"start":{"line":513,"column":6},"end":{"line":513,"column":63}},"199":{"start":{"line":514,"column":6},"end":{"line":514,"column":108}},"200":{"start":{"line":517,"column":4},"end":{"line":517,"column":55}},"201":{"start":{"line":518,"column":4},"end":{"line":518,"column":89}},"202":{"start":{"line":524,"column":17},"end":{"line":524,"column":34}},"203":{"start":{"line":525,"column":15},"end":{"line":525,"column":50}},"204":{"start":{"line":526,"column":28},"end":{"line":526,"column":78}},"205":{"start":{"line":527,"column":2},"end":{"line":527,"column":41}},"206":{"start":{"line":530,"column":0},"end":{"line":589,"column":3}},"207":{"start":{"line":531,"column":2},"end":{"line":588,"column":3}},"208":{"start":{"line":533,"column":22},"end":{"line":533,"column":52}},"209":{"start":{"line":534,"column":4},"end":{"line":539,"column":5}},"210":{"start":{"line":535,"column":6},"end":{"line":538,"column":7}},"211":{"start":{"line":536,"column":8},"end":{"line":536,"column":51}},"212":{"start":{"line":537,"column":8},"end":{"line":537,"column":68}},"213":{"start":{"line":541,"column":55},"end":{"line":541,"column":63}},"214":{"start":{"line":542,"column":4},"end":{"line":542,"column":53}},"215":{"start":{"line":545,"column":20},"end":{"line":546,"column":63}},"216":{"start":{"line":548,"column":4},"end":{"line":550,"column":5}},"217":{"start":{"line":549,"column":6},"end":{"line":549,"column":75}},"218":{"start":{"line":554,"column":4},"end":{"line":571,"column":5}},"219":{"start":{"line":556,"column":8},"end":{"line":556,"column":29}},"220":{"start":{"line":557,"column":8},"end":{"line":557,"column":14}},"221":{"start":{"line":559,"column":8},"end":{"line":559,"column":39}},"222":{"start":{"line":560,"column":8},"end":{"line":560,"column":14}},"223":{"start":{"line":562,"column":8},"end":{"line":562,"column":34}},"224":{"start":{"line":563,"column":8},"end":{"line":563,"column":14}},"225":{"start":{"line":565,"column":8},"end":{"line":565,"column":30}},"226":{"start":{"line":566,"column":8},"end":{"line":566,"column":14}},"227":{"start":{"line":569,"column":8},"end":{"line":569,"column":63}},"228":{"start":{"line":570,"column":8},"end":{"line":570,"column":72}},"229":{"start":{"line":573,"column":4},"end":{"line":582,"column":5}},"230":{"start":{"line":574,"column":6},"end":{"line":580,"column":9}},"231":{"start":{"line":581,"column":6},"end":{"line":581,"column":71}},"232":{"start":{"line":584,"column":4},"end":{"line":584,"column":59}},"233":{"start":{"line":586,"column":4},"end":{"line":586,"column":60}},"234":{"start":{"line":587,"column":4},"end":{"line":587,"column":53}},"235":{"start":{"line":592,"column":0},"end":{"line":616,"column":3}},"236":{"start":{"line":593,"column":17},"end":{"line":593,"column":27}},"237":{"start":{"line":595,"column":2},"end":{"line":615,"column":3}},"238":{"start":{"line":596,"column":18},"end":{"line":605,"column":6}},"239":{"start":{"line":607,"column":4},"end":{"line":609,"column":5}},"240":{"start":{"line":608,"column":6},"end":{"line":608,"column":64}},"241":{"start":{"line":611,"column":4},"end":{"line":611,"column":20}},"242":{"start":{"line":613,"column":4},"end":{"line":613,"column":57}},"243":{"start":{"line":614,"column":4},"end":{"line":614,"column":67}},"244":{"start":{"line":619,"column":0},"end":{"line":644,"column":3}},"245":{"start":{"line":620,"column":17},"end":{"line":620,"column":27}},"246":{"start":{"line":621,"column":31},"end":{"line":621,"column":39}},"247":{"start":{"line":623,"column":2},"end":{"line":625,"column":3}},"248":{"start":{"line":624,"column":4},"end":{"line":624,"column":78}},"249":{"start":{"line":627,"column":2},"end":{"line":643,"column":3}},"250":{"start":{"line":628,"column":31},"end":{"line":628,"column":80}},"251":{"start":{"line":630,"column":25},"end":{"line":637,"column":6}},"252":{"start":{"line":639,"column":4},"end":{"line":639,"column":27}},"253":{"start":{"line":641,"column":4},"end":{"line":641,"column":59}},"254":{"start":{"line":642,"column":4},"end":{"line":642,"column":69}},"255":{"start":{"line":646,"column":0},"end":{"line":708,"column":3}},"256":{"start":{"line":647,"column":2},"end":{"line":707,"column":3}},"257":{"start":{"line":649,"column":24},"end":{"line":649,"column":51}},"258":{"start":{"line":652,"column":22},"end":{"line":654,"column":6}},"259":{"start":{"line":656,"column":20},"end":{"line":656,"column":22}},"260":{"start":{"line":659,"column":4},"end":{"line":701,"column":5}},"261":{"start":{"line":660,"column":26},"end":{"line":665,"column":7}},"262":{"start":{"line":668,"column":6},"end":{"line":700,"column":7}},"263":{"start":{"line":669,"column":8},"end":{"line":677,"column":40}},"264":{"start":{"line":679,"column":8},"end":{"line":679,"column":57}},"265":{"start":{"line":683,"column":25},"end":{"line":691,"column":39}},"266":{"start":{"line":694,"column":8},"end":{"line":697,"column":11}},"267":{"start":{"line":699,"column":8},"end":{"line":699,"column":57}},"268":{"start":{"line":703,"column":4},"end":{"line":703,"column":41}},"269":{"start":{"line":705,"column":4},"end":{"line":705,"column":57}},"270":{"start":{"line":706,"column":4},"end":{"line":706,"column":67}},"271":{"start":{"line":711,"column":0},"end":{"line":794,"column":1}},"272":{"start":{"line":712,"column":2},"end":{"line":774,"column":5}},"273":{"start":{"line":713,"column":4},"end":{"line":773,"column":5}},"274":{"start":{"line":715,"column":56},"end":{"line":715,"column":64}},"275":{"start":{"line":717,"column":6},"end":{"line":719,"column":7}},"276":{"start":{"line":718,"column":8},"end":{"line":718,"column":70}},"277":{"start":{"line":722,"column":29},"end":{"line":727,"column":7}},"278":{"start":{"line":730,"column":20},"end":{"line":732,"column":8}},"279":{"start":{"line":734,"column":6},"end":{"line":736,"column":7}},"280":{"start":{"line":735,"column":8},"end":{"line":735,"column":66}},"281":{"start":{"line":740,"column":6},"end":{"line":755,"column":7}},"282":{"start":{"line":742,"column":10},"end":{"line":742,"column":31}},"283":{"start":{"line":743,"column":10},"end":{"line":743,"column":16}},"284":{"start":{"line":745,"column":10},"end":{"line":745,"column":41}},"285":{"start":{"line":746,"column":10},"end":{"line":746,"column":16}},"286":{"start":{"line":748,"column":10},"end":{"line":748,"column":36}},"287":{"start":{"line":749,"column":10},"end":{"line":749,"column":16}},"288":{"start":{"line":751,"column":10},"end":{"line":751,"column":32}},"289":{"start":{"line":752,"column":10},"end":{"line":752,"column":16}},"290":{"start":{"line":754,"column":10},"end":{"line":754,"column":71}},"291":{"start":{"line":757,"column":6},"end":{"line":763,"column":9}},"292":{"start":{"line":765,"column":6},"end":{"line":769,"column":9}},"293":{"start":{"line":771,"column":6},"end":{"line":771,"column":61}},"294":{"start":{"line":772,"column":6},"end":{"line":772,"column":71}},"295":{"start":{"line":777,"column":2},"end":{"line":793,"column":5}},"296":{"start":{"line":778,"column":4},"end":{"line":792,"column":5}},"297":{"start":{"line":779,"column":26},"end":{"line":779,"column":53}},"298":{"start":{"line":780,"column":6},"end":{"line":784,"column":9}},"299":{"start":{"line":786,"column":6},"end":{"line":786,"column":62}},"300":{"start":{"line":787,"column":6},"end":{"line":791,"column":9}},"301":{"start":{"line":797,"column":13},"end":{"line":797,"column":37}},"302":{"start":{"line":798,"column":0},"end":{"line":800,"column":3}},"303":{"start":{"line":799,"column":2},"end":{"line":799,"column":48}}},"fnMap":{"0":{"name":"(anonymous_0)","decl":{"start":{"line":21,"column":26},"end":{"line":21,"column":27}},"loc":{"start":{"line":21,"column":46},"end":{"line":31,"column":1}},"line":21},"1":{"name":"(anonymous_1)","decl":{"start":{"line":26,"column":44},"end":{"line":26,"column":45}},"loc":{"start":{"line":26,"column":59},"end":{"line":30,"column":3}},"line":26},"2":{"name":"(anonymous_2)","decl":{"start":{"line":34,"column":16},"end":{"line":34,"column":17}},"loc":{"start":{"line":34,"column":36},"end":{"line":37,"column":1}},"line":34},"3":{"name":"(anonymous_3)","decl":{"start":{"line":44,"column":3},"end":{"line":44,"column":4}},"loc":{"start":{"line":44,"column":23},"end":{"line":76,"column":1}},"line":44},"4":{"name":"(anonymous_4)","decl":{"start":{"line":81,"column":3},"end":{"line":81,"column":4}},"loc":{"start":{"line":81,"column":23},"end":{"line":100,"column":1}},"line":81},"5":{"name":"(anonymous_5)","decl":{"start":{"line":103,"column":20},"end":{"line":103,"column":21}},"loc":{"start":{"line":103,"column":40},"end":{"line":124,"column":1}},"line":103},"6":{"name":"(anonymous_6)","decl":{"start":{"line":127,"column":24},"end":{"line":127,"column":25}},"loc":{"start":{"line":127,"column":44},"end":{"line":153,"column":1}},"line":127},"7":{"name":"(anonymous_7)","decl":{"start":{"line":161,"column":3},"end":{"line":161,"column":4}},"loc":{"start":{"line":161,"column":23},"end":{"line":177,"column":1}},"line":161},"8":{"name":"(anonymous_8)","decl":{"start":{"line":186,"column":3},"end":{"line":186,"column":4}},"loc":{"start":{"line":186,"column":23},"end":{"line":204,"column":1}},"line":186},"9":{"name":"(anonymous_9)","decl":{"start":{"line":207,"column":61},"end":{"line":207,"column":62}},"loc":{"start":{"line":207,"column":81},"end":{"line":223,"column":1}},"line":207},"10":{"name":"(anonymous_10)","decl":{"start":{"line":231,"column":3},"end":{"line":231,"column":4}},"loc":{"start":{"line":231,"column":23},"end":{"line":293,"column":1}},"line":231},"11":{"name":"(anonymous_11)","decl":{"start":{"line":243,"column":45},"end":{"line":243,"column":46}},"loc":{"start":{"line":243,"column":63},"end":{"line":274,"column":5}},"line":243},"12":{"name":"(anonymous_12)","decl":{"start":{"line":251,"column":30},"end":{"line":251,"column":31}},"loc":{"start":{"line":251,"column":39},"end":{"line":256,"column":13}},"line":251},"13":{"name":"(anonymous_13)","decl":{"start":{"line":295,"column":48},"end":{"line":295,"column":49}},"loc":{"start":{"line":295,"column":68},"end":{"line":337,"column":1}},"line":295},"14":{"name":"(anonymous_14)","decl":{"start":{"line":306,"column":32},"end":{"line":306,"column":33}},"loc":{"start":{"line":306,"column":50},"end":{"line":322,"column":7}},"line":306},"15":{"name":"(anonymous_15)","decl":{"start":{"line":339,"column":55},"end":{"line":339,"column":56}},"loc":{"start":{"line":339,"column":75},"end":{"line":363,"column":1}},"line":339},"16":{"name":"(anonymous_16)","decl":{"start":{"line":365,"column":48},"end":{"line":365,"column":49}},"loc":{"start":{"line":365,"column":68},"end":{"line":387,"column":1}},"line":365},"17":{"name":"makeHttpRequest","decl":{"start":{"line":390,"column":9},"end":{"line":390,"column":24}},"loc":{"start":{"line":390,"column":51},"end":{"line":419,"column":1}},"line":390},"18":{"name":"(anonymous_18)","decl":{"start":{"line":391,"column":21},"end":{"line":391,"column":22}},"loc":{"start":{"line":391,"column":42},"end":{"line":418,"column":3}},"line":391},"19":{"name":"(anonymous_19)","decl":{"start":{"line":392,"column":39},"end":{"line":392,"column":40}},"loc":{"start":{"line":392,"column":48},"end":{"line":407,"column":5}},"line":392},"20":{"name":"(anonymous_20)","decl":{"start":{"line":394,"column":21},"end":{"line":394,"column":22}},"loc":{"start":{"line":394,"column":32},"end":{"line":394,"column":50}},"line":394},"21":{"name":"(anonymous_21)","decl":{"start":{"line":395,"column":20},"end":{"line":395,"column":21}},"loc":{"start":{"line":395,"column":26},"end":{"line":406,"column":7}},"line":395},"22":{"name":"(anonymous_22)","decl":{"start":{"line":409,"column":20},"end":{"line":409,"column":21}},"loc":{"start":{"line":409,"column":31},"end":{"line":411,"column":5}},"line":409},"23":{"name":"getSumupAccessToken","decl":{"start":{"line":421,"column":15},"end":{"line":421,"column":34}},"loc":{"start":{"line":421,"column":37},"end":{"line":448,"column":1}},"line":421},"24":{"name":"(anonymous_24)","decl":{"start":{"line":450,"column":34},"end":{"line":450,"column":35}},"loc":{"start":{"line":450,"column":54},"end":{"line":520,"column":1}},"line":450},"25":{"name":"(anonymous_25)","decl":{"start":{"line":479,"column":46},"end":{"line":479,"column":47}},"loc":{"start":{"line":479,"column":55},"end":{"line":484,"column":9}},"line":479},"26":{"name":"verifyWebhookSignature","decl":{"start":{"line":523,"column":9},"end":{"line":523,"column":31}},"loc":{"start":{"line":523,"column":60},"end":{"line":528,"column":1}},"line":523},"27":{"name":"(anonymous_27)","decl":{"start":{"line":530,"column":31},"end":{"line":530,"column":32}},"loc":{"start":{"line":530,"column":51},"end":{"line":589,"column":1}},"line":530},"28":{"name":"(anonymous_28)","decl":{"start":{"line":592,"column":33},"end":{"line":592,"column":34}},"loc":{"start":{"line":592,"column":53},"end":{"line":616,"column":1}},"line":592},"29":{"name":"(anonymous_29)","decl":{"start":{"line":619,"column":36},"end":{"line":619,"column":37}},"loc":{"start":{"line":619,"column":56},"end":{"line":644,"column":1}},"line":619},"30":{"name":"(anonymous_30)","decl":{"start":{"line":646,"column":69},"end":{"line":646,"column":70}},"loc":{"start":{"line":646,"column":89},"end":{"line":708,"column":1}},"line":646},"31":{"name":"(anonymous_31)","decl":{"start":{"line":712,"column":37},"end":{"line":712,"column":38}},"loc":{"start":{"line":712,"column":57},"end":{"line":774,"column":3}},"line":712},"32":{"name":"(anonymous_32)","decl":{"start":{"line":777,"column":39},"end":{"line":777,"column":40}},"loc":{"start":{"line":777,"column":59},"end":{"line":793,"column":3}},"line":777},"33":{"name":"(anonymous_33)","decl":{"start":{"line":798,"column":17},"end":{"line":798,"column":18}},"loc":{"start":{"line":798,"column":23},"end":{"line":800,"column":1}},"line":798}},"branchMap":{"0":{"loc":{"start":{"line":15,"column":10},"end":{"line":15,"column":61}},"type":"binary-expr","locations":[{"start":{"line":15,"column":10},"end":{"line":15,"column":34}},{"start":{"line":15,"column":38},"end":{"line":15,"column":61}}],"line":15},"1":{"loc":{"start":{"line":23,"column":16},"end":{"line":23,"column":54}},"type":"binary-expr","locations":[{"start":{"line":23,"column":16},"end":{"line":23,"column":26}},{"start":{"line":23,"column":30},"end":{"line":23,"column":54}}],"line":23},"2":{"loc":{"start":{"line":24,"column":2},"end":{"line":24,"column":48}},"type":"if","locations":[{"start":{"line":24,"column":2},"end":{"line":24,"column":48}},{"start":{},"end":{}}],"line":24},"3":{"loc":{"start":{"line":27,"column":4},"end":{"line":27,"column":40}},"type":"if","locations":[{"start":{"line":27,"column":4},"end":{"line":27,"column":40}},{"start":{},"end":{}}],"line":27},"4":{"loc":{"start":{"line":35,"column":2},"end":{"line":35,"column":60}},"type":"if","locations":[{"start":{"line":35,"column":2},"end":{"line":35,"column":60}},{"start":{},"end":{}}],"line":35},"5":{"loc":{"start":{"line":47,"column":2},"end":{"line":49,"column":3}},"type":"if","locations":[{"start":{"line":47,"column":2},"end":{"line":49,"column":3}},{"start":{},"end":{}}],"line":47},"6":{"loc":{"start":{"line":59,"column":4},"end":{"line":61,"column":5}},"type":"if","locations":[{"start":{"line":59,"column":4},"end":{"line":61,"column":5}},{"start":{},"end":{}}],"line":59},"7":{"loc":{"start":{"line":83,"column":2},"end":{"line":85,"column":3}},"type":"if","locations":[{"start":{"line":83,"column":2},"end":{"line":85,"column":3}},{"start":{},"end":{}}],"line":83},"8":{"loc":{"start":{"line":90,"column":4},"end":{"line":95,"column":5}},"type":"if","locations":[{"start":{"line":90,"column":4},"end":{"line":95,"column":5}},{"start":{"line":93,"column":11},"end":{"line":95,"column":5}}],"line":90},"9":{"loc":{"start":{"line":90,"column":8},"end":{"line":90,"column":61}},"type":"binary-expr","locations":[{"start":{"line":90,"column":8},"end":{"line":90,"column":12}},{"start":{"line":90,"column":16},"end":{"line":90,"column":61}}],"line":90},"10":{"loc":{"start":{"line":144,"column":4},"end":{"line":146,"column":5}},"type":"if","locations":[{"start":{"line":144,"column":4},"end":{"line":146,"column":5}},{"start":{},"end":{}}],"line":144},"11":{"loc":{"start":{"line":163,"column":2},"end":{"line":165,"column":3}},"type":"if","locations":[{"start":{"line":163,"column":2},"end":{"line":165,"column":3}},{"start":{},"end":{}}],"line":163},"12":{"loc":{"start":{"line":188,"column":2},"end":{"line":190,"column":3}},"type":"if","locations":[{"start":{"line":188,"column":2},"end":{"line":190,"column":3}},{"start":{},"end":{}}],"line":188},"13":{"loc":{"start":{"line":216,"column":4},"end":{"line":221,"column":5}},"type":"if","locations":[{"start":{"line":216,"column":4},"end":{"line":221,"column":5}},{"start":{"line":219,"column":11},"end":{"line":221,"column":5}}],"line":216},"14":{"loc":{"start":{"line":233,"column":2},"end":{"line":235,"column":3}},"type":"if","locations":[{"start":{"line":233,"column":2},"end":{"line":235,"column":3}},{"start":{},"end":{}}],"line":233},"15":{"loc":{"start":{"line":255,"column":30},"end":{"line":255,"column":94}},"type":"cond-expr","locations":[{"start":{"line":255,"column":52},"end":{"line":255,"column":87}},{"start":{"line":255,"column":90},"end":{"line":255,"column":94}}],"line":255},"16":{"loc":{"start":{"line":263,"column":6},"end":{"line":271,"column":7}},"type":"if","locations":[{"start":{"line":263,"column":6},"end":{"line":271,"column":7}},{"start":{},"end":{}}],"line":263},"17":{"loc":{"start":{"line":276,"column":28},"end":{"line":278,"column":81}},"type":"cond-expr","locations":[{"start":{"line":277,"column":8},"end":{"line":277,"column":104}},{"start":{"line":278,"column":8},"end":{"line":278,"column":81}}],"line":276},"18":{"loc":{"start":{"line":301,"column":4},"end":{"line":303,"column":5}},"type":"if","locations":[{"start":{"line":301,"column":4},"end":{"line":303,"column":5}},{"start":{},"end":{}}],"line":301},"19":{"loc":{"start":{"line":305,"column":4},"end":{"line":332,"column":5}},"type":"if","locations":[{"start":{"line":305,"column":4},"end":{"line":332,"column":5}},{"start":{"line":325,"column":11},"end":{"line":332,"column":5}}],"line":305},"20":{"loc":{"start":{"line":314,"column":8},"end":{"line":321,"column":9}},"type":"if","locations":[{"start":{"line":314,"column":8},"end":{"line":321,"column":9}},{"start":{},"end":{}}],"line":314},"21":{"loc":{"start":{"line":343,"column":2},"end":{"line":345,"column":3}},"type":"if","locations":[{"start":{"line":343,"column":2},"end":{"line":345,"column":3}},{"start":{},"end":{}}],"line":343},"22":{"loc":{"start":{"line":343,"column":6},"end":{"line":343,"column":71}},"type":"binary-expr","locations":[{"start":{"line":343,"column":6},"end":{"line":343,"column":42}},{"start":{"line":343,"column":46},"end":{"line":343,"column":71}}],"line":343},"23":{"loc":{"start":{"line":372,"column":4},"end":{"line":374,"column":5}},"type":"if","locations":[{"start":{"line":372,"column":4},"end":{"line":374,"column":5}},{"start":{},"end":{}}],"line":372},"24":{"loc":{"start":{"line":381,"column":21},"end":{"line":381,"column":52}},"type":"binary-expr","locations":[{"start":{"line":381,"column":21},"end":{"line":381,"column":47}},{"start":{"line":381,"column":51},"end":{"line":381,"column":52}}],"line":381},"25":{"loc":{"start":{"line":390,"column":34},"end":{"line":390,"column":49}},"type":"default-arg","locations":[{"start":{"line":390,"column":45},"end":{"line":390,"column":49}}],"line":390},"26":{"loc":{"start":{"line":398,"column":10},"end":{"line":402,"column":11}},"type":"if","locations":[{"start":{"line":398,"column":10},"end":{"line":402,"column":11}},{"start":{"line":400,"column":17},"end":{"line":402,"column":11}}],"line":398},"27":{"loc":{"start":{"line":398,"column":14},"end":{"line":398,"column":59}},"type":"binary-expr","locations":[{"start":{"line":398,"column":14},"end":{"line":398,"column":35}},{"start":{"line":398,"column":39},"end":{"line":398,"column":59}}],"line":398},"28":{"loc":{"start":{"line":413,"column":4},"end":{"line":415,"column":5}},"type":"if","locations":[{"start":{"line":413,"column":4},"end":{"line":415,"column":5}},{"start":{},"end":{}}],"line":413},"29":{"loc":{"start":{"line":439,"column":4},"end":{"line":443,"column":5}},"type":"if","locations":[{"start":{"line":439,"column":4},"end":{"line":443,"column":5}},{"start":{"line":441,"column":11},"end":{"line":443,"column":5}}],"line":439},"30":{"loc":{"start":{"line":463,"column":4},"end":{"line":465,"column":5}},"type":"if","locations":[{"start":{"line":463,"column":4},"end":{"line":465,"column":5}},{"start":{},"end":{}}],"line":463},"31":{"loc":{"start":{"line":483,"column":26},"end":{"line":483,"column":86}},"type":"cond-expr","locations":[{"start":{"line":483,"column":48},"end":{"line":483,"column":79}},{"start":{"line":483,"column":82},"end":{"line":483,"column":86}}],"line":483},"32":{"loc":{"start":{"line":534,"column":4},"end":{"line":539,"column":5}},"type":"if","locations":[{"start":{"line":534,"column":4},"end":{"line":539,"column":5}},{"start":{},"end":{}}],"line":534},"33":{"loc":{"start":{"line":534,"column":8},"end":{"line":534,"column":53}},"type":"binary-expr","locations":[{"start":{"line":534,"column":8},"end":{"line":534,"column":40}},{"start":{"line":534,"column":44},"end":{"line":534,"column":53}}],"line":534},"34":{"loc":{"start":{"line":535,"column":6},"end":{"line":538,"column":7}},"type":"if","locations":[{"start":{"line":535,"column":6},"end":{"line":538,"column":7}},{"start":{},"end":{}}],"line":535},"35":{"loc":{"start":{"line":545,"column":20},"end":{"line":546,"column":63}},"type":"cond-expr","locations":[{"start":{"line":546,"column":6},"end":{"line":546,"column":56}},{"start":{"line":546,"column":59},"end":{"line":546,"column":63}}],"line":545},"36":{"loc":{"start":{"line":548,"column":4},"end":{"line":550,"column":5}},"type":"if","locations":[{"start":{"line":548,"column":4},"end":{"line":550,"column":5}},{"start":{},"end":{}}],"line":548},"37":{"loc":{"start":{"line":554,"column":4},"end":{"line":571,"column":5}},"type":"switch","locations":[{"start":{"line":555,"column":6},"end":{"line":557,"column":14}},{"start":{"line":558,"column":6},"end":{"line":560,"column":14}},{"start":{"line":561,"column":6},"end":{"line":563,"column":14}},{"start":{"line":564,"column":6},"end":{"line":566,"column":14}},{"start":{"line":567,"column":6},"end":{"line":570,"column":72}}],"line":554},"38":{"loc":{"start":{"line":573,"column":4},"end":{"line":582,"column":5}},"type":"if","locations":[{"start":{"line":573,"column":4},"end":{"line":582,"column":5}},{"start":{},"end":{}}],"line":573},"39":{"loc":{"start":{"line":578,"column":14},"end":{"line":578,"column":68}},"type":"cond-expr","locations":[{"start":{"line":578,"column":40},"end":{"line":578,"column":63}},{"start":{"line":578,"column":66},"end":{"line":578,"column":68}}],"line":578},"40":{"loc":{"start":{"line":607,"column":4},"end":{"line":609,"column":5}},"type":"if","locations":[{"start":{"line":607,"column":4},"end":{"line":609,"column":5}},{"start":{},"end":{}}],"line":607},"41":{"loc":{"start":{"line":623,"column":2},"end":{"line":625,"column":3}},"type":"if","locations":[{"start":{"line":623,"column":2},"end":{"line":625,"column":3}},{"start":{},"end":{}}],"line":623},"42":{"loc":{"start":{"line":623,"column":6},"end":{"line":623,"column":63}},"type":"binary-expr","locations":[{"start":{"line":623,"column":6},"end":{"line":623,"column":23}},{"start":{"line":623,"column":27},"end":{"line":623,"column":63}}],"line":623},"43":{"loc":{"start":{"line":668,"column":6},"end":{"line":700,"column":7}},"type":"if","locations":[{"start":{"line":668,"column":6},"end":{"line":700,"column":7}},{"start":{"line":682,"column":11},"end":{"line":700,"column":7}}],"line":668},"44":{"loc":{"start":{"line":711,"column":0},"end":{"line":794,"column":1}},"type":"if","locations":[{"start":{"line":711,"column":0},"end":{"line":794,"column":1}},{"start":{},"end":{}}],"line":711},"45":{"loc":{"start":{"line":715,"column":23},"end":{"line":715,"column":51}},"type":"default-arg","locations":[{"start":{"line":715,"column":36},"end":{"line":715,"column":51}}],"line":715},"46":{"loc":{"start":{"line":717,"column":6},"end":{"line":719,"column":7}},"type":"if","locations":[{"start":{"line":717,"column":6},"end":{"line":719,"column":7}},{"start":{},"end":{}}],"line":717},"47":{"loc":{"start":{"line":725,"column":16},"end":{"line":726,"column":71}},"type":"cond-expr","locations":[{"start":{"line":725,"column":49},"end":{"line":725,"column":55}},{"start":{"line":726,"column":16},"end":{"line":726,"column":71}}],"line":725},"48":{"loc":{"start":{"line":726,"column":16},"end":{"line":726,"column":71}},"type":"cond-expr","locations":[{"start":{"line":726,"column":51},"end":{"line":726,"column":59}},{"start":{"line":726,"column":62},"end":{"line":726,"column":71}}],"line":726},"49":{"loc":{"start":{"line":734,"column":6},"end":{"line":736,"column":7}},"type":"if","locations":[{"start":{"line":734,"column":6},"end":{"line":736,"column":7}},{"start":{},"end":{}}],"line":734},"50":{"loc":{"start":{"line":740,"column":6},"end":{"line":755,"column":7}},"type":"switch","locations":[{"start":{"line":741,"column":8},"end":{"line":743,"column":16}},{"start":{"line":744,"column":8},"end":{"line":746,"column":16}},{"start":{"line":747,"column":8},"end":{"line":749,"column":16}},{"start":{"line":750,"column":8},"end":{"line":752,"column":16}},{"start":{"line":753,"column":8},"end":{"line":754,"column":71}}],"line":740},"51":{"loc":{"start":{"line":761,"column":14},"end":{"line":761,"column":68}},"type":"cond-expr","locations":[{"start":{"line":761,"column":40},"end":{"line":761,"column":63}},{"start":{"line":761,"column":66},"end":{"line":761,"column":68}}],"line":761},"52":{"loc":{"start":{"line":797,"column":13},"end":{"line":797,"column":37}},"type":"binary-expr","locations":[{"start":{"line":797,"column":13},"end":{"line":797,"column":29}},{"start":{"line":797,"column":33},"end":{"line":797,"column":37}}],"line":797}},"s":{"0":0,"1":0,"2":0,"3":0,"4":0,"5":0,"6":0,"7":0,"8":0,"9":0,"10":0,"11":0,"12":0,"13":0,"14":0,"15":0,"16":0,"17":0,"18":0,"19":0,"20":0,"21":0,"22":0,"23":0,"24":0,"25":0,"26":0,"27":0,"28":0,"29":0,"30":0,"31":0,"32":0,"33":0,"34":0,"35":0,"36":0,"37":0,"38":0,"39":0,"40":0,"41":0,"42":0,"43":0,"44":0,"45":0,"46":0,"47":0,"48":0,"49":0,"50":0,"51":0,"52":0,"53":0,"54":0,"55":0,"56":0,"57":0,"58":0,"59":0,"60":0,"61":0,"62":0,"63":0,"64":0,"65":0,"66":0,"67":0,"68":0,"69":0,"70":0,"71":0,"72":0,"73":0,"74":0,"75":0,"76":0,"77":0,"78":0,"79":0,"80":0,"81":0,"82":0,"83":0,"84":0,"85":0,"86":0,"87":0,"88":0,"89":0,"90":0,"91":0,"92":0,"93":0,"94":0,"95":0,"96":0,"97":0,"98":0,"99":0,"100":0,"101":0,"102":0,"103":0,"104":0,"105":0,"106":0,"107":0,"108":0,"109":0,"110":0,"111":0,"112":0,"113":0,"114":0,"115":0,"116":0,"117":0,"118":0,"119":0,"120":0,"121":0,"122":0,"123":0,"124":0,"125":0,"126":0,"127":0,"128":0,"129":0,"130":0,"131":0,"132":0,"133":0,"134":0,"135":0,"136":0,"137":0,"138":0,"139":0,"140":0,"141":0,"142":0,"143":0,"144":0,"145":0,"146":0,"147":0,"148":0,"149":0,"150":0,"151":0,"152":0,"153":0,"154":0,"155":0,"156":0,"157":0,"158":0,"159":0,"160":0,"161":0,"162":0,"163":0,"164":0,"165":0,"166":0,"167":0,"168":0,"169":0,"170":0,"171":0,"172":0,"173":0,"174":0,"175":0,"176":0,"177":0,"178":0,"179":0,"180":0,"181":0,"182":0,"183":0,"184":0,"185":0,"186":0,"187":0,"188":0,"189":0,"190":0,"191":0,"192":0,"193":0,"194":0,"195":0,"196":0,"197":0,"198":0,"199":0,"200":0,"201":0,"202":0,"203":0,"204":0,"205":0,"206":0,"207":0,"208":0,"209":0,"210":0,"211":0,"212":0,"213":0,"214":0,"215":0,"216":0,"217":0,"218":0,"219":0,"220":0,"221":0,"222":0,"223":0,"224":0,"225":0,"226":0,"227":0,"228":0,"229":0,"230":0,"231":0,"232":0,"233":0,"234":0,"235":0,"236":0,"237":0,"238":0,"239":0,"240":0,"241":0,"242":0,"243":0,"244":0,"245":0,"246":0,"247":0,"248":0,"249":0,"250":0,"251":0,"252":0,"253":0,"254":0,"255":0,"256":0,"257":0,"258":0,"259":0,"260":0,"261":0,"262":0,"263":0,"264":0,"265":0,"266":0,"267":0,"268":0,"269":0,"270":0,"271":0,"272":0,"273":0,"274":0,"275":0,"276":0,"277":0,"278":0,"279":0,"280":0,"281":0,"282":0,"283":0,"284":0,"285":0,"286":0,"287":0,"288":0,"289":0,"290":0,"291":0,"292":0,"293":0,"294":0,"295":0,"296":0,"297":0,"298":0,"299":0,"300":0,"301":0,"302":0,"303":0},"f":{"0":0,"1":0,"2":0,"3":0,"4":0,"5":0,"6":0,"7":0,"8":0,"9":0,"10":0,"11":0,"12":0,"13":0,"14":0,"15":0,"16":0,"17":0,"18":0,"19":0,"20":0,"21":0,"22":0,"23":0,"24":0,"25":0,"26":0,"27":0,"28":0,"29":0,"30":0,"31":0,"32":0,"33":0},"b":{"0":[0,0],"1":[0,0],"2":[0,0],"3":[0,0],"4":[0,0],"5":[0,0],"6":[0,0],"7":[0,0],"8":[0,0],"9":[0,0],"10":[0,0],"11":[0,0],"12":[0,0],"13":[0,0],"14":[0,0],"15":[0,0],"16":[0,0],"17":[0,0],"18":[0,0],"19":[0,0],"20":[0,0],"21":[0,0],"22":[0,0],"23":[0,0],"24":[0,0],"25":[0],"26":[0,0],"27":[0,0],"28":[0,0],"29":[0,0],"30":[0,0],"31":[0,0],"32":[0,0],"33":[0,0],"34":[0,0],"35":[0,0],"36":[0,0],"37":[0,0,0,0,0],"38":[0,0],"39":[0,0],"40":[0,0],"41":[0,0],"42":[0,0],"43":[0,0],"44":[0,0],"45":[0],"46":[0,0],"47":[0,0],"48":[0,0],"49":[0,0],"50":[0,0,0,0,0],"51":[0,0],"52":[0,0]}}
,"/Users/senan/smashd/backend/serverConfig.js": {"path":"/Users/senan/smashd/backend/serverConfig.js","statementMap":{"0":{"start":{"line":6,"column":16},"end":{"line":6,"column":34}},"1":{"start":{"line":7,"column":13},"end":{"line":7,"column":28}},"2":{"start":{"line":8,"column":25},"end":{"line":8,"column":50}},"3":{"start":{"line":9,"column":15},"end":{"line":9,"column":32}},"4":{"start":{"line":10,"column":13},"end":{"line":10,"column":28}},"5":{"start":{"line":11,"column":14},"end":{"line":11,"column":30}},"6":{"start":{"line":14,"column":12},"end":{"line":14,"column":21}},"7":{"start":{"line":15,"column":15},"end":{"line":15,"column":33}},"8":{"start":{"line":18,"column":0},"end":{"line":18,"column":16}},"9":{"start":{"line":19,"column":0},"end":{"line":19,"column":24}},"10":{"start":{"line":27,"column":24},"end":{"line":63,"column":1}},"11":{"start":{"line":28,"column":2},"end":{"line":62,"column":5}},"12":{"start":{"line":29,"column":21},"end":{"line":29,"column":56}},"13":{"start":{"line":31,"column":16},"end":{"line":51,"column":6}},"14":{"start":{"line":32,"column":17},"end":{"line":32,"column":19}},"15":{"start":{"line":34,"column":6},"end":{"line":36,"column":9}},"16":{"start":{"line":35,"column":8},"end":{"line":35,"column":22}},"17":{"start":{"line":38,"column":6},"end":{"line":50,"column":9}},"18":{"start":{"line":39,"column":8},"end":{"line":49,"column":9}},"19":{"start":{"line":40,"column":31},"end":{"line":40,"column":47}},"20":{"start":{"line":42,"column":10},"end":{"line":46,"column":11}},"21":{"start":{"line":43,"column":12},"end":{"line":43,"column":34}},"22":{"start":{"line":45,"column":12},"end":{"line":45,"column":83}},"23":{"start":{"line":48,"column":10},"end":{"line":48,"column":74}},"24":{"start":{"line":53,"column":4},"end":{"line":55,"column":7}},"25":{"start":{"line":54,"column":6},"end":{"line":54,"column":20}},"26":{"start":{"line":57,"column":4},"end":{"line":59,"column":5}},"27":{"start":{"line":58,"column":6},"end":{"line":58,"column":26}},"28":{"start":{"line":61,"column":4},"end":{"line":61,"column":14}},"29":{"start":{"line":69,"column":28},"end":{"line":93,"column":1}},"30":{"start":{"line":70,"column":2},"end":{"line":92,"column":3}},"31":{"start":{"line":71,"column":20},"end":{"line":78,"column":5}},"32":{"start":{"line":80,"column":21},"end":{"line":80,"column":142}},"33":{"start":{"line":82,"column":21},"end":{"line":82,"column":61}},"34":{"start":{"line":84,"column":4},"end":{"line":86,"column":5}},"35":{"start":{"line":85,"column":6},"end":{"line":85,"column":53}},"36":{"start":{"line":88,"column":4},"end":{"line":88,"column":33}},"37":{"start":{"line":90,"column":4},"end":{"line":90,"column":62}},"38":{"start":{"line":91,"column":4},"end":{"line":91,"column":74}},"39":{"start":{"line":102,"column":31},"end":{"line":114,"column":1}},"40":{"start":{"line":103,"column":2},"end":{"line":113,"column":3}},"41":{"start":{"line":104,"column":17},"end":{"line":104,"column":52}},"42":{"start":{"line":105,"column":30},"end":{"line":105,"column":80}},"43":{"start":{"line":106,"column":4},"end":{"line":109,"column":6}},"44":{"start":{"line":111,"column":4},"end":{"line":111,"column":63}},"45":{"start":{"line":112,"column":4},"end":{"line":112,"column":17}},"46":{"start":{"line":119,"column":0},"end":{"line":190,"column":3}},"47":{"start":{"line":120,"column":2},"end":{"line":189,"column":3}},"48":{"start":{"line":121,"column":24},"end":{"line":121,"column":32}},"49":{"start":{"line":123,"column":4},"end":{"line":125,"column":5}},"50":{"start":{"line":124,"column":6},"end":{"line":124,"column":69}},"51":{"start":{"line":128,"column":18},"end":{"line":137,"column":6}},"52":{"start":{"line":139,"column":4},"end":{"line":141,"column":5}},"53":{"start":{"line":140,"column":6},"end":{"line":140,"column":64}},"54":{"start":{"line":144,"column":24},"end":{"line":144,"column":51}},"55":{"start":{"line":147,"column":18},"end":{"line":151,"column":7}},"56":{"start":{"line":147,"column":48},"end":{"line":151,"column":5}},"57":{"start":{"line":154,"column":25},"end":{"line":163,"column":6}},"58":{"start":{"line":166,"column":20},"end":{"line":175,"column":5}},"59":{"start":{"line":178,"column":29},"end":{"line":178,"column":73}},"60":{"start":{"line":181,"column":4},"end":{"line":185,"column":7}},"61":{"start":{"line":187,"column":4},"end":{"line":187,"column":55}},"62":{"start":{"line":188,"column":4},"end":{"line":188,"column":92}},"63":{"start":{"line":193,"column":0},"end":{"line":256,"column":3}},"64":{"start":{"line":194,"column":2},"end":{"line":255,"column":3}},"65":{"start":{"line":195,"column":22},"end":{"line":195,"column":56}},"66":{"start":{"line":196,"column":20},"end":{"line":196,"column":28}},"67":{"start":{"line":199,"column":20},"end":{"line":203,"column":5}},"68":{"start":{"line":205,"column":4},"end":{"line":207,"column":5}},"69":{"start":{"line":206,"column":6},"end":{"line":206,"column":74}},"70":{"start":{"line":210,"column":47},"end":{"line":210,"column":54}},"71":{"start":{"line":213,"column":18},"end":{"line":215,"column":6}},"72":{"start":{"line":217,"column":4},"end":{"line":219,"column":5}},"73":{"start":{"line":218,"column":6},"end":{"line":218,"column":64}},"74":{"start":{"line":224,"column":4},"end":{"line":236,"column":5}},"75":{"start":{"line":226,"column":8},"end":{"line":226,"column":27}},"76":{"start":{"line":227,"column":8},"end":{"line":227,"column":14}},"77":{"start":{"line":229,"column":8},"end":{"line":229,"column":29}},"78":{"start":{"line":230,"column":8},"end":{"line":230,"column":14}},"79":{"start":{"line":232,"column":8},"end":{"line":232,"column":30}},"80":{"start":{"line":233,"column":8},"end":{"line":233,"column":14}},"81":{"start":{"line":235,"column":8},"end":{"line":235,"column":33}},"82":{"start":{"line":239,"column":4},"end":{"line":244,"column":5}},"83":{"start":{"line":240,"column":6},"end":{"line":243,"column":9}},"84":{"start":{"line":246,"column":4},"end":{"line":251,"column":7}},"85":{"start":{"line":253,"column":4},"end":{"line":253,"column":54}},"86":{"start":{"line":254,"column":4},"end":{"line":254,"column":90}},"87":{"start":{"line":259,"column":0},"end":{"line":275,"column":3}},"88":{"start":{"line":260,"column":2},"end":{"line":274,"column":3}},"89":{"start":{"line":262,"column":4},"end":{"line":262,"column":32}},"90":{"start":{"line":264,"column":4},"end":{"line":267,"column":7}},"91":{"start":{"line":269,"column":4},"end":{"line":269,"column":55}},"92":{"start":{"line":270,"column":4},"end":{"line":273,"column":7}},"93":{"start":{"line":278,"column":0},"end":{"line":296,"column":3}},"94":{"start":{"line":279,"column":45},"end":{"line":279,"column":53}},"95":{"start":{"line":281,"column":2},"end":{"line":285,"column":3}},"96":{"start":{"line":282,"column":4},"end":{"line":284,"column":7}},"97":{"start":{"line":288,"column":2},"end":{"line":288,"column":80}},"98":{"start":{"line":290,"column":2},"end":{"line":295,"column":5}},"99":{"start":{"line":299,"column":0},"end":{"line":305,"column":2}}},"fnMap":{"0":{"name":"(anonymous_0)","decl":{"start":{"line":27,"column":24},"end":{"line":27,"column":25}},"loc":{"start":{"line":27,"column":47},"end":{"line":63,"column":1}},"line":27},"1":{"name":"(anonymous_1)","decl":{"start":{"line":28,"column":21},"end":{"line":28,"column":22}},"loc":{"start":{"line":28,"column":42},"end":{"line":62,"column":3}},"line":28},"2":{"name":"(anonymous_2)","decl":{"start":{"line":31,"column":42},"end":{"line":31,"column":43}},"loc":{"start":{"line":31,"column":51},"end":{"line":51,"column":5}},"line":31},"3":{"name":"(anonymous_3)","decl":{"start":{"line":34,"column":21},"end":{"line":34,"column":22}},"loc":{"start":{"line":34,"column":32},"end":{"line":36,"column":7}},"line":34},"4":{"name":"(anonymous_4)","decl":{"start":{"line":38,"column":20},"end":{"line":38,"column":21}},"loc":{"start":{"line":38,"column":26},"end":{"line":50,"column":7}},"line":38},"5":{"name":"(anonymous_5)","decl":{"start":{"line":53,"column":20},"end":{"line":53,"column":21}},"loc":{"start":{"line":53,"column":31},"end":{"line":55,"column":5}},"line":53},"6":{"name":"(anonymous_6)","decl":{"start":{"line":69,"column":28},"end":{"line":69,"column":29}},"loc":{"start":{"line":69,"column":40},"end":{"line":93,"column":1}},"line":69},"7":{"name":"(anonymous_7)","decl":{"start":{"line":102,"column":31},"end":{"line":102,"column":32}},"loc":{"start":{"line":102,"column":63},"end":{"line":114,"column":1}},"line":102},"8":{"name":"(anonymous_8)","decl":{"start":{"line":119,"column":34},"end":{"line":119,"column":35}},"loc":{"start":{"line":119,"column":54},"end":{"line":190,"column":1}},"line":119},"9":{"name":"(anonymous_9)","decl":{"start":{"line":147,"column":39},"end":{"line":147,"column":40}},"loc":{"start":{"line":147,"column":48},"end":{"line":151,"column":5}},"line":147},"10":{"name":"(anonymous_10)","decl":{"start":{"line":193,"column":30},"end":{"line":193,"column":31}},"loc":{"start":{"line":193,"column":50},"end":{"line":256,"column":1}},"line":193},"11":{"name":"(anonymous_11)","decl":{"start":{"line":259,"column":37},"end":{"line":259,"column":38}},"loc":{"start":{"line":259,"column":57},"end":{"line":275,"column":1}},"line":259},"12":{"name":"(anonymous_12)","decl":{"start":{"line":278,"column":35},"end":{"line":278,"column":36}},"loc":{"start":{"line":278,"column":49},"end":{"line":296,"column":1}},"line":278}},"branchMap":{"0":{"loc":{"start":{"line":29,"column":21},"end":{"line":29,"column":56}},"type":"cond-expr","locations":[{"start":{"line":29,"column":44},"end":{"line":29,"column":49}},{"start":{"line":29,"column":52},"end":{"line":29,"column":56}}],"line":29},"1":{"loc":{"start":{"line":42,"column":10},"end":{"line":46,"column":11}},"type":"if","locations":[{"start":{"line":42,"column":10},"end":{"line":46,"column":11}},{"start":{"line":44,"column":17},"end":{"line":46,"column":11}}],"line":42},"2":{"loc":{"start":{"line":42,"column":14},"end":{"line":42,"column":59}},"type":"binary-expr","locations":[{"start":{"line":42,"column":14},"end":{"line":42,"column":35}},{"start":{"line":42,"column":39},"end":{"line":42,"column":59}}],"line":42},"3":{"loc":{"start":{"line":57,"column":4},"end":{"line":59,"column":5}},"type":"if","locations":[{"start":{"line":57,"column":4},"end":{"line":59,"column":5}},{"start":{},"end":{}}],"line":57},"4":{"loc":{"start":{"line":84,"column":4},"end":{"line":86,"column":5}},"type":"if","locations":[{"start":{"line":84,"column":4},"end":{"line":86,"column":5}},{"start":{},"end":{}}],"line":84},"5":{"loc":{"start":{"line":123,"column":4},"end":{"line":125,"column":5}},"type":"if","locations":[{"start":{"line":123,"column":4},"end":{"line":125,"column":5}},{"start":{},"end":{}}],"line":123},"6":{"loc":{"start":{"line":139,"column":4},"end":{"line":141,"column":5}},"type":"if","locations":[{"start":{"line":139,"column":4},"end":{"line":141,"column":5}},{"start":{},"end":{}}],"line":139},"7":{"loc":{"start":{"line":205,"column":4},"end":{"line":207,"column":5}},"type":"if","locations":[{"start":{"line":205,"column":4},"end":{"line":207,"column":5}},{"start":{},"end":{}}],"line":205},"8":{"loc":{"start":{"line":217,"column":4},"end":{"line":219,"column":5}},"type":"if","locations":[{"start":{"line":217,"column":4},"end":{"line":219,"column":5}},{"start":{},"end":{}}],"line":217},"9":{"loc":{"start":{"line":224,"column":4},"end":{"line":236,"column":5}},"type":"switch","locations":[{"start":{"line":225,"column":6},"end":{"line":227,"column":14}},{"start":{"line":228,"column":6},"end":{"line":230,"column":14}},{"start":{"line":231,"column":6},"end":{"line":233,"column":14}},{"start":{"line":234,"column":6},"end":{"line":235,"column":33}}],"line":224},"10":{"loc":{"start":{"line":239,"column":4},"end":{"line":244,"column":5}},"type":"if","locations":[{"start":{"line":239,"column":4},"end":{"line":244,"column":5}},{"start":{},"end":{}}],"line":239},"11":{"loc":{"start":{"line":281,"column":2},"end":{"line":285,"column":3}},"type":"if","locations":[{"start":{"line":281,"column":2},"end":{"line":285,"column":3}},{"start":{},"end":{}}],"line":281},"12":{"loc":{"start":{"line":281,"column":6},"end":{"line":281,"column":40}},"type":"binary-expr","locations":[{"start":{"line":281,"column":6},"end":{"line":281,"column":17}},{"start":{"line":281,"column":21},"end":{"line":281,"column":40}}],"line":281}},"s":{"0":2,"1":2,"2":2,"3":2,"4":2,"5":2,"6":2,"7":2,"8":2,"9":2,"10":2,"11":0,"12":0,"13":0,"14":0,"15":0,"16":0,"17":0,"18":0,"19":0,"20":0,"21":0,"22":0,"23":0,"24":0,"25":0,"26":0,"27":0,"28":0,"29":2,"30":0,"31":0,"32":0,"33":0,"34":0,"35":0,"36":0,"37":0,"38":0,"39":2,"40":7,"41":7,"42":7,"43":7,"44":2,"45":2,"46":2,"47":0,"48":0,"49":0,"50":0,"51":0,"52":0,"53":0,"54":0,"55":0,"56":0,"57":0,"58":0,"59":0,"60":0,"61":0,"62":0,"63":2,"64":4,"65":4,"66":4,"67":4,"68":4,"69":1,"70":3,"71":3,"72":3,"73":1,"74":2,"75":1,"76":1,"77":1,"78":1,"79":0,"80":0,"81":0,"82":2,"83":2,"84":2,"85":0,"86":0,"87":2,"88":0,"89":0,"90":0,"91":0,"92":0,"93":2,"94":0,"95":0,"96":0,"97":0,"98":0,"99":2},"f":{"0":0,"1":0,"2":0,"3":0,"4":0,"5":0,"6":0,"7":7,"8":0,"9":0,"10":4,"11":0,"12":0},"b":{"0":[0,0],"1":[0,0],"2":[0,0],"3":[0,0],"4":[0,0],"5":[0,0],"6":[0,0],"7":[1,3],"8":[1,2],"9":[1,1,0,0],"10":[2,0],"11":[0,0],"12":[0,0]},"_coverageSchema":"1a1c01bbd47fc00a2c39e90264f33305004495a9","hash":"60e428c5f98d95ba1a73b50e4a2ae12a6f14e8c1"}
,"/Users/senan/smashd/backend/__tests__/mocks/sumupApiMock.js": {"path":"/Users/senan/smashd/backend/__tests__/mocks/sumupApiMock.js","statementMap":{"0":{"start":{"line":2,"column":0},"end":{"line":49,"column":2}}},"fnMap":{},"branchMap":{},"s":{"0":2},"f":{},"b":{},"_coverageSchema":"1a1c01bbd47fc00a2c39e90264f33305004495a9","hash":"d0afc55db9c12ad3fae891a4617025506dd982b3"}
,"/Users/senan/smashd/backend/prisma/seed.js": {"path":"/Users/senan/smashd/backend/prisma/seed.js","statementMap":{"0":{"start":{"line":1,"column":25},"end":{"line":1,"column":50}},"1":{"start":{"line":2,"column":15},"end":{"line":2,"column":33}},"2":{"start":{"line":5,"column":20},"end":{"line":33,"column":3}},"3":{"start":{"line":35,"column":2},"end":{"line":37,"column":3}},"4":{"start":{"line":36,"column":4},"end":{"line":36,"column":49}},"5":{"start":{"line":39,"column":2},"end":{"line":39,"column":46}},"6":{"start":{"line":42,"column":0},"end":{"line":49,"column":5}},"7":{"start":{"line":44,"column":4},"end":{"line":44,"column":21}},"8":{"start":{"line":45,"column":4},"end":{"line":45,"column":20}},"9":{"start":{"line":48,"column":4},"end":{"line":48,"column":31}}},"fnMap":{"0":{"name":"main","decl":{"start":{"line":4,"column":15},"end":{"line":4,"column":19}},"loc":{"start":{"line":4,"column":22},"end":{"line":40,"column":1}},"line":4},"1":{"name":"(anonymous_1)","decl":{"start":{"line":43,"column":9},"end":{"line":43,"column":10}},"loc":{"start":{"line":43,"column":16},"end":{"line":46,"column":3}},"line":43},"2":{"name":"(anonymous_2)","decl":{"start":{"line":47,"column":11},"end":{"line":47,"column":12}},"loc":{"start":{"line":47,"column":23},"end":{"line":49,"column":3}},"line":47}},"branchMap":{},"s":{"0":0,"1":0,"2":0,"3":0,"4":0,"5":0,"6":0,"7":0,"8":0,"9":0},"f":{"0":0,"1":0,"2":0},"b":{}}
}
