TN:
SF:server.js
FN:21,(anonymous_0)
FN:26,(anonymous_1)
FN:34,(anonymous_2)
FN:44,(anonymous_3)
FN:81,(anonymous_4)
FN:103,(anonymous_5)
FN:127,(anonymous_6)
FN:161,(anonymous_7)
FN:186,(anonymous_8)
FN:207,(anonymous_9)
FN:231,(anonymous_10)
FN:243,(anonymous_11)
FN:251,(anonymous_12)
FN:295,(anonymous_13)
FN:306,(anonymous_14)
FN:339,(anonymous_15)
FN:365,(anonymous_16)
FN:390,makeHttpRequest
FN:391,(anonymous_18)
FN:392,(anonymous_19)
FN:394,(anonymous_20)
FN:395,(anonymous_21)
FN:409,(anonymous_22)
FN:421,getSumupAccessToken
FN:450,(anonymous_24)
FN:479,(anonymous_25)
FN:523,verifyWebhookSignature
FN:530,(anonymous_27)
FN:592,(anonymous_28)
FN:619,(anonymous_29)
FN:646,(anonymous_30)
FN:712,(anonymous_31)
FN:777,(anonymous_32)
FN:798,(anonymous_33)
FNF:34
FNH:0
FNDA:0,(anonymous_0)
FNDA:0,(anonymous_1)
FNDA:0,(anonymous_2)
FNDA:0,(anonymous_3)
FNDA:0,(anonymous_4)
FNDA:0,(anonymous_5)
FNDA:0,(anonymous_6)
FNDA:0,(anonymous_7)
FNDA:0,(anonymous_8)
FNDA:0,(anonymous_9)
FNDA:0,(anonymous_10)
FNDA:0,(anonymous_11)
FNDA:0,(anonymous_12)
FNDA:0,(anonymous_13)
FNDA:0,(anonymous_14)
FNDA:0,(anonymous_15)
FNDA:0,(anonymous_16)
FNDA:0,makeHttpRequest
FNDA:0,(anonymous_18)
FNDA:0,(anonymous_19)
FNDA:0,(anonymous_20)
FNDA:0,(anonymous_21)
FNDA:0,(anonymous_22)
FNDA:0,getSumupAccessToken
FNDA:0,(anonymous_24)
FNDA:0,(anonymous_25)
FNDA:0,verifyWebhookSignature
FNDA:0,(anonymous_27)
FNDA:0,(anonymous_28)
FNDA:0,(anonymous_29)
FNDA:0,(anonymous_30)
FNDA:0,(anonymous_31)
FNDA:0,(anonymous_32)
FNDA:0,(anonymous_33)
DA:1,0
DA:2,0
DA:3,0
DA:4,0
DA:5,0
DA:6,0
DA:7,0
DA:8,0
DA:10,0
DA:11,0
DA:14,0
DA:18,0
DA:21,0
DA:22,0
DA:23,0
DA:24,0
DA:26,0
DA:27,0
DA:28,0
DA:29,0
DA:34,0
DA:35,0
DA:36,0
DA:40,0
DA:46,0
DA:47,0
DA:48,0
DA:51,0
DA:52,0
DA:54,0
DA:59,0
DA:60,0
DA:63,0
DA:64,0
DA:71,0
DA:73,0
DA:74,0
DA:78,0
DA:82,0
DA:83,0
DA:84,0
DA:87,0
DA:88,0
DA:89,0
DA:90,0
DA:91,0
DA:92,0
DA:94,0
DA:97,0
DA:98,0
DA:103,0
DA:104,0
DA:105,0
DA:106,0
DA:118,0
DA:119,0
DA:121,0
DA:122,0
DA:127,0
DA:128,0
DA:129,0
DA:131,0
DA:132,0
DA:144,0
DA:145,0
DA:148,0
DA:150,0
DA:151,0
DA:155,0
DA:162,0
DA:163,0
DA:164,0
DA:167,0
DA:168,0
DA:169,0
DA:172,0
DA:174,0
DA:175,0
DA:179,0
DA:187,0
DA:188,0
DA:189,0
DA:192,0
DA:193,0
DA:194,0
DA:195,0
DA:199,0
DA:201,0
DA:202,0
DA:207,0
DA:208,0
DA:209,0
DA:210,0
DA:213,0
DA:215,0
DA:216,0
DA:218,0
DA:220,0
DA:226,0
DA:232,0
DA:233,0
DA:234,0
DA:237,0
DA:238,0
DA:239,0
DA:241,0
DA:243,0
DA:245,0
DA:251,0
DA:262,0
DA:263,0
DA:265,0
DA:266,0
DA:273,0
DA:276,0
DA:280,0
DA:285,0
DA:290,0
DA:291,0
DA:295,0
DA:296,0
DA:297,0
DA:299,0
DA:300,0
DA:301,0
DA:302,0
DA:305,0
DA:306,0
DA:308,0
DA:314,0
DA:315,0
DA:316,0
DA:324,0
DA:327,0
DA:331,0
DA:334,0
DA:335,0
DA:339,0
DA:340,0
DA:343,0
DA:344,0
DA:347,0
DA:348,0
DA:358,0
DA:360,0
DA:361,0
DA:365,0
DA:366,0
DA:367,0
DA:372,0
DA:373,0
DA:376,0
DA:384,0
DA:385,0
DA:391,0
DA:392,0
DA:393,0
DA:394,0
DA:395,0
DA:396,0
DA:397,0
DA:398,0
DA:399,0
DA:401,0
DA:404,0
DA:409,0
DA:410,0
DA:413,0
DA:414,0
DA:417,0
DA:422,0
DA:428,0
DA:437,0
DA:438,0
DA:439,0
DA:440,0
DA:442,0
DA:445,0
DA:446,0
DA:450,0
DA:451,0
DA:453,0
DA:454,0
DA:463,0
DA:464,0
DA:468,0
DA:470,0
DA:479,0
DA:488,0
DA:498,0
DA:499,0
DA:500,0
DA:503,0
DA:508,0
DA:513,0
DA:514,0
DA:517,0
DA:518,0
DA:524,0
DA:525,0
DA:526,0
DA:527,0
DA:530,0
DA:531,0
DA:533,0
DA:534,0
DA:535,0
DA:536,0
DA:537,0
DA:541,0
DA:542,0
DA:545,0
DA:548,0
DA:549,0
DA:554,0
DA:556,0
DA:557,0
DA:559,0
DA:560,0
DA:562,0
DA:563,0
DA:565,0
DA:566,0
DA:569,0
DA:570,0
DA:573,0
DA:574,0
DA:581,0
DA:584,0
DA:586,0
DA:587,0
DA:592,0
DA:593,0
DA:595,0
DA:596,0
DA:607,0
DA:608,0
DA:611,0
DA:613,0
DA:614,0
DA:619,0
DA:620,0
DA:621,0
DA:623,0
DA:624,0
DA:627,0
DA:628,0
DA:630,0
DA:639,0
DA:641,0
DA:642,0
DA:646,0
DA:647,0
DA:649,0
DA:652,0
DA:656,0
DA:659,0
DA:660,0
DA:668,0
DA:669,0
DA:679,0
DA:683,0
DA:694,0
DA:699,0
DA:703,0
DA:705,0
DA:706,0
DA:711,0
DA:712,0
DA:713,0
DA:715,0
DA:717,0
DA:718,0
DA:722,0
DA:730,0
DA:734,0
DA:735,0
DA:740,0
DA:742,0
DA:743,0
DA:745,0
DA:746,0
DA:748,0
DA:749,0
DA:751,0
DA:752,0
DA:754,0
DA:757,0
DA:765,0
DA:771,0
DA:772,0
DA:777,0
DA:778,0
DA:779,0
DA:780,0
DA:786,0
DA:787,0
DA:797,0
DA:798,0
DA:799,0
LF:300
LH:0
BRDA:15,0,0,0
BRDA:15,0,1,0
BRDA:23,1,0,0
BRDA:23,1,1,0
BRDA:24,2,0,0
BRDA:24,2,1,0
BRDA:27,3,0,0
BRDA:27,3,1,0
BRDA:35,4,0,0
BRDA:35,4,1,0
BRDA:47,5,0,0
BRDA:47,5,1,0
BRDA:59,6,0,0
BRDA:59,6,1,0
BRDA:83,7,0,0
BRDA:83,7,1,0
BRDA:90,8,0,0
BRDA:90,8,1,0
BRDA:90,9,0,0
BRDA:90,9,1,0
BRDA:144,10,0,0
BRDA:144,10,1,0
BRDA:163,11,0,0
BRDA:163,11,1,0
BRDA:188,12,0,0
BRDA:188,12,1,0
BRDA:216,13,0,0
BRDA:216,13,1,0
BRDA:233,14,0,0
BRDA:233,14,1,0
BRDA:255,15,0,0
BRDA:255,15,1,0
BRDA:263,16,0,0
BRDA:263,16,1,0
BRDA:276,17,0,0
BRDA:276,17,1,0
BRDA:301,18,0,0
BRDA:301,18,1,0
BRDA:305,19,0,0
BRDA:305,19,1,0
BRDA:314,20,0,0
BRDA:314,20,1,0
BRDA:343,21,0,0
BRDA:343,21,1,0
BRDA:343,22,0,0
BRDA:343,22,1,0
BRDA:372,23,0,0
BRDA:372,23,1,0
BRDA:381,24,0,0
BRDA:381,24,1,0
BRDA:390,25,0,0
BRDA:398,26,0,0
BRDA:398,26,1,0
BRDA:398,27,0,0
BRDA:398,27,1,0
BRDA:413,28,0,0
BRDA:413,28,1,0
BRDA:439,29,0,0
BRDA:439,29,1,0
BRDA:463,30,0,0
BRDA:463,30,1,0
BRDA:483,31,0,0
BRDA:483,31,1,0
BRDA:534,32,0,0
BRDA:534,32,1,0
BRDA:534,33,0,0
BRDA:534,33,1,0
BRDA:535,34,0,0
BRDA:535,34,1,0
BRDA:545,35,0,0
BRDA:545,35,1,0
BRDA:548,36,0,0
BRDA:548,36,1,0
BRDA:554,37,0,0
BRDA:554,37,1,0
BRDA:554,37,2,0
BRDA:554,37,3,0
BRDA:554,37,4,0
BRDA:573,38,0,0
BRDA:573,38,1,0
BRDA:578,39,0,0
BRDA:578,39,1,0
BRDA:607,40,0,0
BRDA:607,40,1,0
BRDA:623,41,0,0
BRDA:623,41,1,0
BRDA:623,42,0,0
BRDA:623,42,1,0
BRDA:668,43,0,0
BRDA:668,43,1,0
BRDA:711,44,0,0
BRDA:711,44,1,0
BRDA:715,45,0,0
BRDA:717,46,0,0
BRDA:717,46,1,0
BRDA:725,47,0,0
BRDA:725,47,1,0
BRDA:726,48,0,0
BRDA:726,48,1,0
BRDA:734,49,0,0
BRDA:734,49,1,0
BRDA:740,50,0,0
BRDA:740,50,1,0
BRDA:740,50,2,0
BRDA:740,50,3,0
BRDA:740,50,4,0
BRDA:761,51,0,0
BRDA:761,51,1,0
BRDA:797,52,0,0
BRDA:797,52,1,0
BRF:110
BRH:0
end_of_record
TN:
SF:serverConfig.js
FN:27,(anonymous_0)
FN:28,(anonymous_1)
FN:31,(anonymous_2)
FN:34,(anonymous_3)
FN:38,(anonymous_4)
FN:53,(anonymous_5)
FN:69,(anonymous_6)
FN:102,(anonymous_7)
FN:119,(anonymous_8)
FN:147,(anonymous_9)
FN:193,(anonymous_10)
FN:259,(anonymous_11)
FN:278,(anonymous_12)
FNF:13
FNH:2
FNDA:0,(anonymous_0)
FNDA:0,(anonymous_1)
FNDA:0,(anonymous_2)
FNDA:0,(anonymous_3)
FNDA:0,(anonymous_4)
FNDA:0,(anonymous_5)
FNDA:0,(anonymous_6)
FNDA:7,(anonymous_7)
FNDA:0,(anonymous_8)
FNDA:0,(anonymous_9)
FNDA:4,(anonymous_10)
FNDA:0,(anonymous_11)
FNDA:0,(anonymous_12)
DA:6,2
DA:7,2
DA:8,2
DA:9,2
DA:10,2
DA:11,2
DA:14,2
DA:15,2
DA:18,2
DA:19,2
DA:27,2
DA:28,0
DA:29,0
DA:31,0
DA:32,0
DA:34,0
DA:35,0
DA:38,0
DA:39,0
DA:40,0
DA:42,0
DA:43,0
DA:45,0
DA:48,0
DA:53,0
DA:54,0
DA:57,0
DA:58,0
DA:61,0
DA:69,2
DA:70,0
DA:71,0
DA:80,0
DA:82,0
DA:84,0
DA:85,0
DA:88,0
DA:90,0
DA:91,0
DA:102,2
DA:103,7
DA:104,7
DA:105,7
DA:106,7
DA:111,2
DA:112,2
DA:119,2
DA:120,0
DA:121,0
DA:123,0
DA:124,0
DA:128,0
DA:139,0
DA:140,0
DA:144,0
DA:147,0
DA:154,0
DA:166,0
DA:178,0
DA:181,0
DA:187,0
DA:188,0
DA:193,2
DA:194,4
DA:195,4
DA:196,4
DA:199,4
DA:205,4
DA:206,1
DA:210,3
DA:213,3
DA:217,3
DA:218,1
DA:224,2
DA:226,1
DA:227,1
DA:229,1
DA:230,1
DA:232,0
DA:233,0
DA:235,0
DA:239,2
DA:240,2
DA:246,2
DA:253,0
DA:254,0
DA:259,2
DA:260,0
DA:262,0
DA:264,0
DA:269,0
DA:270,0
DA:278,2
DA:279,0
DA:281,0
DA:282,0
DA:288,0
DA:290,0
DA:299,2
LF:99
LH:42
BRDA:29,0,0,0
BRDA:29,0,1,0
BRDA:42,1,0,0
BRDA:42,1,1,0
BRDA:42,2,0,0
BRDA:42,2,1,0
BRDA:57,3,0,0
BRDA:57,3,1,0
BRDA:84,4,0,0
BRDA:84,4,1,0
BRDA:123,5,0,0
BRDA:123,5,1,0
BRDA:139,6,0,0
BRDA:139,6,1,0
BRDA:205,7,0,1
BRDA:205,7,1,3
BRDA:217,8,0,1
BRDA:217,8,1,2
BRDA:224,9,0,1
BRDA:224,9,1,1
BRDA:224,9,2,0
BRDA:224,9,3,0
BRDA:239,10,0,2
BRDA:239,10,1,0
BRDA:281,11,0,0
BRDA:281,11,1,0
BRDA:281,12,0,0
BRDA:281,12,1,0
BRF:28
BRH:7
end_of_record
TN:
SF:__tests__/mocks/sumupApiMock.js
FNF:0
FNH:0
DA:2,2
LF:1
LH:1
BRF:0
BRH:0
end_of_record
TN:
SF:prisma/seed.js
FN:4,main
FN:43,(anonymous_1)
FN:47,(anonymous_2)
FNF:3
FNH:0
FNDA:0,main
FNDA:0,(anonymous_1)
FNDA:0,(anonymous_2)
DA:1,0
DA:2,0
DA:5,0
DA:35,0
DA:36,0
DA:39,0
DA:42,0
DA:44,0
DA:45,0
DA:48,0
LF:10
LH:0
BRF:0
BRH:0
end_of_record
